app/build/intermediates/manifest_merge_blame_file/debug/manifest-merger-blame-debug-report.txt
1<?xml version="1.0" encoding="utf-8"?>
2<manifest xmlns:android="http://schemas.android.com/apk/res/android"
3    package="com.bunnyvpn"
4    android:versionCode="1"
5    android:versionName="1.0" >
6
7    <uses-sdk
8        android:minSdkVersion="26"
9        android:targetSdkVersion="34" />
10
11    <uses-permission android:name="android.permission.INTERNET" />
11-->src\main\AndroidManifest.xml:4:5-67
11-->src\main\AndroidManifest.xml:4:22-64
12    <uses-permission android:name="android.permission.ACCESS_FINE_LOCATION" />
12-->src\main\AndroidManifest.xml:5:5-79
12-->src\main\AndroidManifest.xml:5:22-76
13    <uses-permission android:name="android.permission.ACCESS_COARSE_LOCATION" />
13-->src\main\AndroidManifest.xml:6:5-81
13-->src\main\AndroidManifest.xml:6:22-78
14    <uses-permission android:name="android.permission.READ_PHONE_STATE" />
14-->src\main\AndroidManifest.xml:7:5-75
14-->src\main\AndroidManifest.xml:7:22-72
15    <uses-permission android:name="android.permission.ACCESS_WIFI_STATE" />
15-->src\main\AndroidManifest.xml:8:5-76
15-->src\main\AndroidManifest.xml:8:22-73
16    <uses-permission android:name="android.permission.ACCESS_NETWORK_STATE" />
16-->src\main\AndroidManifest.xml:9:5-79
16-->src\main\AndroidManifest.xml:9:22-76
17    <uses-permission android:name="android.permission.CHANGE_NETWORK_STATE" />
17-->src\main\AndroidManifest.xml:10:5-79
17-->src\main\AndroidManifest.xml:10:22-76
18    <uses-permission android:name="android.permission.FOREGROUND_SERVICE" />
18-->src\main\AndroidManifest.xml:11:5-77
18-->src\main\AndroidManifest.xml:11:22-74
19    <uses-permission android:name="android.permission.FOREGROUND_SERVICE_DATA_SYNC" />
19-->src\main\AndroidManifest.xml:12:5-87
19-->src\main\AndroidManifest.xml:12:22-84
20    <uses-permission android:name="android.permission.FOREGROUND_SERVICE_SPECIAL_USE" />
20-->src\main\AndroidManifest.xml:13:5-89
20-->src\main\AndroidManifest.xml:13:22-86
21    <uses-permission android:name="android.permission.POST_NOTIFICATIONS" />
21-->src\main\AndroidManifest.xml:14:5-77
21-->src\main\AndroidManifest.xml:14:22-74
22
23    <permission
23-->[androidx.core:core:1.12.0] AndroidManifest.xml:22:5-24:47
24        android:name="com.bunnyvpn.DYNAMIC_RECEIVER_NOT_EXPORTED_PERMISSION"
24-->[androidx.core:core:1.12.0] AndroidManifest.xml:23:9-81
25        android:protectionLevel="signature" />
25-->[androidx.core:core:1.12.0] AndroidManifest.xml:24:9-44
26
27    <uses-permission android:name="com.bunnyvpn.DYNAMIC_RECEIVER_NOT_EXPORTED_PERMISSION" />
27-->[androidx.core:core:1.12.0] AndroidManifest.xml:26:5-97
27-->[androidx.core:core:1.12.0] AndroidManifest.xml:26:22-94
28
29    <supports-screens
29-->[org.osmdroid:osmdroid-android:6.1.18] AndroidManifest.xml:9:5-12:40
30        android:anyDensity="true"
30-->[org.osmdroid:osmdroid-android:6.1.18] AndroidManifest.xml:10:9-34
31        android:largeScreens="true"
31-->[org.osmdroid:osmdroid-android:6.1.18] AndroidManifest.xml:11:9-36
32        android:normalScreens="true" />
32-->[org.osmdroid:osmdroid-android:6.1.18] AndroidManifest.xml:12:9-37
33
34    <uses-feature
34-->[org.osmdroid:osmdroid-android:6.1.18] AndroidManifest.xml:14:5-16:36
35        android:name="android.hardware.location.network"
35-->[org.osmdroid:osmdroid-android:6.1.18] AndroidManifest.xml:15:9-57
36        android:required="false" />
36-->[org.osmdroid:osmdroid-android:6.1.18] AndroidManifest.xml:16:9-33
37    <uses-feature
37-->[org.osmdroid:osmdroid-android:6.1.18] AndroidManifest.xml:17:5-19:36
38        android:name="android.hardware.location.gps"
38-->[org.osmdroid:osmdroid-android:6.1.18] AndroidManifest.xml:18:9-53
39        android:required="false" />
39-->[org.osmdroid:osmdroid-android:6.1.18] AndroidManifest.xml:19:9-33
40    <uses-feature
40-->[org.osmdroid:osmdroid-android:6.1.18] AndroidManifest.xml:20:5-22:36
41        android:name="android.hardware.telephony"
41-->[org.osmdroid:osmdroid-android:6.1.18] AndroidManifest.xml:21:9-50
42        android:required="false" />
42-->[org.osmdroid:osmdroid-android:6.1.18] AndroidManifest.xml:22:9-33
43    <uses-feature
43-->[org.osmdroid:osmdroid-android:6.1.18] AndroidManifest.xml:23:5-25:36
44        android:name="android.hardware.wifi"
44-->[org.osmdroid:osmdroid-android:6.1.18] AndroidManifest.xml:24:9-45
45        android:required="false" />
45-->[org.osmdroid:osmdroid-android:6.1.18] AndroidManifest.xml:25:9-33
46
47    <application
47-->src\main\AndroidManifest.xml:16:5-65:19
48        android:allowBackup="true"
48-->src\main\AndroidManifest.xml:17:9-35
49        android:appComponentFactory="androidx.core.app.CoreComponentFactory"
49-->[androidx.core:core:1.12.0] AndroidManifest.xml:28:18-86
50        android:debuggable="true"
51        android:extractNativeLibs="false"
52        android:icon="@mipmap/ic_launcher"
52-->src\main\AndroidManifest.xml:18:9-43
53        android:label="BunnyVPN"
53-->src\main\AndroidManifest.xml:19:9-33
54        android:roundIcon="@mipmap/ic_launcher_round"
54-->src\main\AndroidManifest.xml:20:9-54
55        android:supportsRtl="true"
55-->src\main\AndroidManifest.xml:21:9-35
56        android:testOnly="true"
57        android:theme="@style/Theme.BunnyVPN"
57-->src\main\AndroidManifest.xml:23:9-46
58        android:usesCleartextTraffic="true" >
58-->src\main\AndroidManifest.xml:22:9-44
59        <activity
59-->src\main\AndroidManifest.xml:25:9-33:20
60            android:name="com.bunnyvpn.MainActivity"
60-->src\main\AndroidManifest.xml:26:13-41
61            android:exported="true"
61-->src\main\AndroidManifest.xml:27:13-36
62            android:windowSoftInputMode="adjustResize" >
62-->src\main\AndroidManifest.xml:28:13-55
63            <intent-filter>
63-->src\main\AndroidManifest.xml:29:13-32:29
64                <action android:name="android.intent.action.MAIN" />
64-->src\main\AndroidManifest.xml:30:17-69
64-->src\main\AndroidManifest.xml:30:25-66
65
66                <category android:name="android.intent.category.LAUNCHER" />
66-->src\main\AndroidManifest.xml:31:17-77
66-->src\main\AndroidManifest.xml:31:27-74
67            </intent-filter>
68        </activity>
69
70        <meta-data
70-->src\main\AndroidManifest.xml:35:9-37:64
71            android:name="com.google.android.geo.API_KEY"
71-->src\main\AndroidManifest.xml:36:13-58
72            android:value="b59995c89c0749f187a89d32e6c9294e" />
72-->src\main\AndroidManifest.xml:37:13-61
73
74        <service
74-->src\main\AndroidManifest.xml:39:9-47:19
75            android:name="com.bunnyvpn.service.BunnyVpnService"
75-->src\main\AndroidManifest.xml:40:13-52
76            android:exported="false"
76-->src\main\AndroidManifest.xml:43:13-37
77            android:foregroundServiceType="dataSync"
77-->src\main\AndroidManifest.xml:42:13-53
78            android:permission="android.permission.BIND_VPN_SERVICE" >
78-->src\main\AndroidManifest.xml:41:13-69
79            <intent-filter>
79-->src\main\AndroidManifest.xml:44:13-46:29
80                <action android:name="android.net.VpnService" />
80-->src\main\AndroidManifest.xml:45:17-65
80-->src\main\AndroidManifest.xml:45:25-62
81            </intent-filter>
82        </service>
83
84        <!-- OpenVPN Library Services -->
85        <service
85-->src\main\AndroidManifest.xml:50:9-58:19
86            android:name="de.blinkt.openvpn.core.OpenVPNService"
86-->src\main\AndroidManifest.xml:51:13-65
87            android:exported="false"
87-->src\main\AndroidManifest.xml:54:13-37
88            android:foregroundServiceType="specialUse"
88-->src\main\AndroidManifest.xml:53:13-55
89            android:permission="android.permission.BIND_VPN_SERVICE" >
89-->src\main\AndroidManifest.xml:52:13-69
90            <intent-filter>
90-->src\main\AndroidManifest.xml:44:13-46:29
91                <action android:name="android.net.VpnService" />
91-->src\main\AndroidManifest.xml:45:17-65
91-->src\main\AndroidManifest.xml:45:25-62
92            </intent-filter>
93        </service>
94
95        <activity
95-->src\main\AndroidManifest.xml:60:9-63:75
96            android:name="de.blinkt.openvpn.LaunchVPN"
96-->src\main\AndroidManifest.xml:61:13-55
97            android:exported="true"
97-->src\main\AndroidManifest.xml:62:13-36
98            android:theme="@android:style/Theme.Translucent.NoTitleBar" />
98-->src\main\AndroidManifest.xml:63:13-72
99        <activity
99-->[androidx.compose.ui:ui-tooling-android:1.5.4] AndroidManifest.xml:23:9-25:39
100            android:name="androidx.compose.ui.tooling.PreviewActivity"
100-->[androidx.compose.ui:ui-tooling-android:1.5.4] AndroidManifest.xml:24:13-71
101            android:exported="true" />
101-->[androidx.compose.ui:ui-tooling-android:1.5.4] AndroidManifest.xml:25:13-36
102        <activity
102-->[androidx.compose.ui:ui-test-manifest:1.5.4] AndroidManifest.xml:23:9-25:39
103            android:name="androidx.activity.ComponentActivity"
103-->[androidx.compose.ui:ui-test-manifest:1.5.4] AndroidManifest.xml:24:13-63
104            android:exported="true" />
104-->[androidx.compose.ui:ui-test-manifest:1.5.4] AndroidManifest.xml:25:13-36
105
106        <provider
106-->[androidx.emoji2:emoji2:1.4.0] AndroidManifest.xml:24:9-32:20
107            android:name="androidx.startup.InitializationProvider"
107-->[androidx.emoji2:emoji2:1.4.0] AndroidManifest.xml:25:13-67
108            android:authorities="com.bunnyvpn.androidx-startup"
108-->[androidx.emoji2:emoji2:1.4.0] AndroidManifest.xml:26:13-68
109            android:exported="false" >
109-->[androidx.emoji2:emoji2:1.4.0] AndroidManifest.xml:27:13-37
110            <meta-data
110-->[androidx.emoji2:emoji2:1.4.0] AndroidManifest.xml:29:13-31:52
111                android:name="androidx.emoji2.text.EmojiCompatInitializer"
111-->[androidx.emoji2:emoji2:1.4.0] AndroidManifest.xml:30:17-75
112                android:value="androidx.startup" />
112-->[androidx.emoji2:emoji2:1.4.0] AndroidManifest.xml:31:17-49
113            <meta-data
113-->[androidx.lifecycle:lifecycle-process:2.6.2] AndroidManifest.xml:29:13-31:52
114                android:name="androidx.lifecycle.ProcessLifecycleInitializer"
114-->[androidx.lifecycle:lifecycle-process:2.6.2] AndroidManifest.xml:30:17-78
115                android:value="androidx.startup" />
115-->[androidx.lifecycle:lifecycle-process:2.6.2] AndroidManifest.xml:31:17-49
116            <meta-data
116-->[androidx.profileinstaller:profileinstaller:1.3.0] AndroidManifest.xml:29:13-31:52
117                android:name="androidx.profileinstaller.ProfileInstallerInitializer"
117-->[androidx.profileinstaller:profileinstaller:1.3.0] AndroidManifest.xml:30:17-85
118                android:value="androidx.startup" />
118-->[androidx.profileinstaller:profileinstaller:1.3.0] AndroidManifest.xml:31:17-49
119        </provider>
120
121        <activity
121-->[com.google.android.gms:play-services-base:18.1.0] AndroidManifest.xml:20:9-22:45
122            android:name="com.google.android.gms.common.api.GoogleApiActivity"
122-->[com.google.android.gms:play-services-base:18.1.0] AndroidManifest.xml:20:19-85
123            android:exported="false"
123-->[com.google.android.gms:play-services-base:18.1.0] AndroidManifest.xml:22:19-43
124            android:theme="@android:style/Theme.Translucent.NoTitleBar" />
124-->[com.google.android.gms:play-services-base:18.1.0] AndroidManifest.xml:21:19-78
125
126        <meta-data
126-->[com.google.android.gms:play-services-basement:18.1.0] AndroidManifest.xml:21:9-23:69
127            android:name="com.google.android.gms.version"
127-->[com.google.android.gms:play-services-basement:18.1.0] AndroidManifest.xml:22:13-58
128            android:value="@integer/google_play_services_version" />
128-->[com.google.android.gms:play-services-basement:18.1.0] AndroidManifest.xml:23:13-66
129
130        <receiver
130-->[androidx.profileinstaller:profileinstaller:1.3.0] AndroidManifest.xml:34:9-52:20
131            android:name="androidx.profileinstaller.ProfileInstallReceiver"
131-->[androidx.profileinstaller:profileinstaller:1.3.0] AndroidManifest.xml:35:13-76
132            android:directBootAware="false"
132-->[androidx.profileinstaller:profileinstaller:1.3.0] AndroidManifest.xml:36:13-44
133            android:enabled="true"
133-->[androidx.profileinstaller:profileinstaller:1.3.0] AndroidManifest.xml:37:13-35
134            android:exported="true"
134-->[androidx.profileinstaller:profileinstaller:1.3.0] AndroidManifest.xml:38:13-36
135            android:permission="android.permission.DUMP" >
135-->[androidx.profileinstaller:profileinstaller:1.3.0] AndroidManifest.xml:39:13-57
136            <intent-filter>
136-->[androidx.profileinstaller:profileinstaller:1.3.0] AndroidManifest.xml:40:13-42:29
137                <action android:name="androidx.profileinstaller.action.INSTALL_PROFILE" />
137-->[androidx.profileinstaller:profileinstaller:1.3.0] AndroidManifest.xml:41:17-91
137-->[androidx.profileinstaller:profileinstaller:1.3.0] AndroidManifest.xml:41:25-88
138            </intent-filter>
139            <intent-filter>
139-->[androidx.profileinstaller:profileinstaller:1.3.0] AndroidManifest.xml:43:13-45:29
140                <action android:name="androidx.profileinstaller.action.SKIP_FILE" />
140-->[androidx.profileinstaller:profileinstaller:1.3.0] AndroidManifest.xml:44:17-85
140-->[androidx.profileinstaller:profileinstaller:1.3.0] AndroidManifest.xml:44:25-82
141            </intent-filter>
142            <intent-filter>
142-->[androidx.profileinstaller:profileinstaller:1.3.0] AndroidManifest.xml:46:13-48:29
143                <action android:name="androidx.profileinstaller.action.SAVE_PROFILE" />
143-->[androidx.profileinstaller:profileinstaller:1.3.0] AndroidManifest.xml:47:17-88
143-->[androidx.profileinstaller:profileinstaller:1.3.0] AndroidManifest.xml:47:25-85
144            </intent-filter>
145            <intent-filter>
145-->[androidx.profileinstaller:profileinstaller:1.3.0] AndroidManifest.xml:49:13-51:29
146                <action android:name="androidx.profileinstaller.action.BENCHMARK_OPERATION" />
146-->[androidx.profileinstaller:profileinstaller:1.3.0] AndroidManifest.xml:50:17-95
146-->[androidx.profileinstaller:profileinstaller:1.3.0] AndroidManifest.xml:50:25-92
147            </intent-filter>
148        </receiver>
149    </application>
150
151</manifest>